<?xml version="1.0" encoding="UTF-8"?>
<!-- Generated by org.testng.reporters.JUnitXMLReporter -->
<testsuite hostname="01DTP0037" name="Sample test" tests="3" failures="0" timestamp="19 Jul 2016 07:14:25 GMT" time="24.237" errors="0">
  <testcase name="TC_01_validate_Username_ErrorMessage" time="2.769" classname="com.sample.login.Login_TC"/>
  <testcase name="TC_02_verifyLogin" time="5.619" classname="com.sample.login.Login_TC"/>
  <testcase name="TC_03_verifyLogout_button" time="0.382" classname="com.sample.login.Login_TC"/>
</testsuite> <!-- Sample test -->
